Using pre-set license
Built from '2021.2/staging' branch; Version is '2021.2.7f1 (6bd9e232123f) revision 7068130'; Using compiler version '192829333'; Build Type 'Release'
OS: 'Windows 10  (10.0.19042) 64bit Core' Language: 'en' Physical Memory: 24460 MB
BatchMode: 1, IsHumanControllingUs: 0, StartBugReporterOnCrash: 0, Is64bit: 1, IsPro: 0

COMMAND LINE ARGUMENTS:
D:\Programos\Unity\2021.2.7f1\Editor\Unity.exe
-adb2
-batchMode
-noUpm
-name
AssetImportWorker0
-projectPath
D:/Programos/Unity/Illusion
-logFile
Logs/AssetImportWorker0.log
-srvPort
52913
Successfully changed project path to: D:/Programos/Unity/Illusion
D:/Programos/Unity/Illusion
[UnityMemory] Configuration Parameters - Can be set up in boot.config
    "memorysetup-bucket-allocator-granularity=16"
    "memorysetup-bucket-allocator-bucket-count=8"
    "memorysetup-bucket-allocator-block-size=33554432"
    "memorysetup-bucket-allocator-block-count=8"
    "memorysetup-main-allocator-block-size=16777216"
    "memorysetup-thread-allocator-block-size=16777216"
    "memorysetup-gfx-main-allocator-block-size=16777216"
    "memorysetup-gfx-thread-allocator-block-size=16777216"
    "memorysetup-cache-allocator-block-size=4194304"
    "memorysetup-typetree-allocator-block-size=2097152"
    "memorysetup-profiler-bucket-allocator-granularity=16"
    "memorysetup-profiler-bucket-allocator-bucket-count=8"
    "memorysetup-profiler-bucket-allocator-block-size=33554432"
    "memorysetup-profiler-bucket-allocator-block-count=8"
    "memorysetup-profiler-allocator-block-size=16777216"
    "memorysetup-profiler-editor-allocator-block-size=1048576"
    "memorysetup-temp-allocator-size-main=16777216"
    "memorysetup-job-temp-allocator-block-size=2097152"
    "memorysetup-job-temp-allocator-block-size-background=1048576"
    "memorysetup-job-temp-allocator-reduction-small-platforms=262144"
    "memorysetup-temp-allocator-size-background-worker=32768"
    "memorysetup-temp-allocator-size-job-worker=262144"
    "memorysetup-temp-allocator-size-preload-manager=33554432"
    "memorysetup-temp-allocator-size-nav-mesh-worker=65536"
    "memorysetup-temp-allocator-size-audio-worker=65536"
    "memorysetup-temp-allocator-size-cloud-worker=32768"
    "memorysetup-temp-allocator-size-gi-baking-worker=262144"
    "memorysetup-temp-allocator-size-gfx=262144"
Refreshing native plugins compatible for Editor in 118.49 ms, found 3 plugins.
Preloading 0 native plugins for Editor in 0.00 ms.
Initialize engine version: 2021.2.7f1 (6bd9e232123f)
[Subsystems] Discovering subsystems at path D:/Programos/Unity/2021.2.7f1/Editor/Data/Resources/UnitySubsystems
[Subsystems] Discovering subsystems at path D:/Programos/Unity/Illusion/Assets
GfxDevice: creating device client; threaded=0; jobified=0
Direct3D:
    Version:  Direct3D 11.0 [level 11.1]
    Renderer: NVIDIA GeForce GTX 1050 (ID=0x1c8d)
    Vendor:   NVIDIA
    VRAM:     1979 MB
    Driver:   30.0.14.7196
Initialize mono
Mono path[0] = 'D:/Programos/Unity/2021.2.7f1/Editor/Data/Managed'
Mono path[1] = 'D:/Programos/Unity/2021.2.7f1/Editor/Data/MonoBleedingEdge/lib/mono/unityjit-win32'
Mono config path = 'D:/Programos/Unity/2021.2.7f1/Editor/Data/MonoBleedingEdge/etc'
Using monoOptions --debugger-agent=transport=dt_socket,embedding=1,server=y,suspend=n,address=127.0.0.1:56172
Begin MonoManager ReloadAssembly
Registering precompiled unity dll's ...
Register platform support module: D:/Programos/Unity/2021.2.7f1/Editor/Data/PlaybackEngines/WindowsStandaloneSupport/UnityEditor.WindowsStandalone.Extensions.dll
Registered in 0.003883 seconds.
Native extension for WindowsStandalone target not found
Refreshing native plugins compatible for Editor in 102.92 ms, found 3 plugins.
Preloading 0 native plugins for Editor in 0.00 ms.
Mono: successfully reloaded assembly
- Completed reload, in  0.813 seconds
Domain Reload Profiling:
	ReloadAssembly (814ms)
		BeginReloadAssembly (97ms)
			ExecutionOrderSort (0ms)
			DisableScriptedObjects (0ms)
			BackupInstance (0ms)
			ReleaseScriptingObjects (0ms)
			CreateAndSetChildDomain (1ms)
		EndReloadAssembly (622ms)
			LoadAssemblies (96ms)
			RebuildTransferFunctionScriptingTraits (0ms)
			SetupTypeCache (136ms)
			ReleaseScriptCaches (0ms)
			RebuildScriptCaches (38ms)
			SetupLoadedEditorAssemblies (384ms)
				LogAssemblyErrors (0ms)
				InitializePlatformSupportModulesInManaged (20ms)
				SetLoadedEditorAssemblies (0ms)
				RefreshPlugins (103ms)
				BeforeProcessingInitializeOnLoad (1ms)
				ProcessInitializeOnLoadAttributes (199ms)
				ProcessInitializeOnLoadMethodAttributes (59ms)
				AfterProcessingInitializeOnLoad (0ms)
				EditorAssembliesLoaded (0ms)
			ExecutionOrderSort2 (0ms)
			AwakeInstancesAfterBackupRestoration (0ms)
Platform modules already initialized, skipping
Registering precompiled user dll's ...
Registered in 0.007341 seconds.
Begin MonoManager ReloadAssembly
Symbol file LoadedFromMemory doesn't match image D:\Programos\Unity\Illusion\Library\PackageCache\com.unity.visualscripting@1.7.6\Editor\VisualScripting.Core\Dependencies\YamlDotNet\Unity.VisualScripting.YamlDotNet.dll
Symbol file LoadedFromMemory doesn't match image D:\Programos\Unity\Illusion\Library\PackageCache\com.unity.visualscripting@1.7.6\Editor\VisualScripting.Core\Dependencies\DotNetZip\Unity.VisualScripting.IonicZip.dll
Native extension for WindowsStandalone target not found
Refreshing native plugins compatible for Editor in 0.90 ms, found 3 plugins.
Preloading 0 native plugins for Editor in 0.00 ms.
Mono: successfully reloaded assembly
- Completed reload, in  1.269 seconds
Domain Reload Profiling:
	ReloadAssembly (1270ms)
		BeginReloadAssembly (140ms)
			ExecutionOrderSort (0ms)
			DisableScriptedObjects (7ms)
			BackupInstance (0ms)
			ReleaseScriptingObjects (0ms)
			CreateAndSetChildDomain (26ms)
		EndReloadAssembly (1014ms)
			LoadAssemblies (96ms)
			RebuildTransferFunctionScriptingTraits (0ms)
			SetupTypeCache (363ms)
			ReleaseScriptCaches (1ms)
			RebuildScriptCaches (65ms)
			SetupLoadedEditorAssemblies (446ms)
				LogAssemblyErrors (0ms)
				InitializePlatformSupportModulesInManaged (15ms)
				SetLoadedEditorAssemblies (1ms)
				RefreshPlugins (1ms)
				BeforeProcessingInitializeOnLoad (98ms)
				ProcessInitializeOnLoadAttributes (293ms)
				ProcessInitializeOnLoadMethodAttributes (32ms)
				AfterProcessingInitializeOnLoad (6ms)
				EditorAssembliesLoaded (0ms)
			ExecutionOrderSort2 (0ms)
			AwakeInstancesAfterBackupRestoration (11ms)
Platform modules already initialized, skipping
========================================================================
Worker process is ready to serve import requests
Launched and connected shader compiler UnityShaderCompiler.exe after 0.07 seconds
Refreshing native plugins compatible for Editor in 0.97 ms, found 3 plugins.
Preloading 0 native plugins for Editor in 0.00 ms.
Unloading 3213 Unused Serialized files (Serialized files now loaded: 0)
Unloading 26 unused Assets / (112.1 KB). Loaded Objects now: 3670.
Memory consumption went from 112.1 MB to 112.0 MB.
Total: 5.261500 ms (FindLiveObjects: 0.424300 ms CreateObjectMapping: 0.361000 ms MarkObjects: 4.354200 ms  DeleteObjects: 0.120400 ms)

AssetImportParameters requested are different than current active one (requested -> active):
  custom:video-decoder-ogg-theora: a1e56fd34408186e4bbccfd4996cb3dc -> 
  custom:container-muxer-webm: aa71ff27fc2769a1b78a27578f13a17b -> 
  custom:container-demuxer-webm: 4f35f7cbe854078d1ac9338744f61a02 -> 
  custom:video-encoder-webm-vp8: eb34c28f22e8b96e1ab97ce403110664 -> 
  custom:audio-encoder-webm-vorbis: bf7c407c2cedff20999df2af8eb42d56 -> 
  custom:framework-win-MediaFoundation: 216162199b28c13a410421893ffa2e32 -> 
  custom:container-demuxer-ogg: 62fdf1f143b41e24485cea50d1cbac27 -> 
  custom:video-decoder-webm-vp8: 9c59270c3fd7afecdb556c50c9e8de78 -> 
  custom:audio-decoder-ogg-vorbis: bf7c407c2cedff20999df2af8eb42d56 -> 
========================================================================
Received Import Request.
  Time since last request: 9435.519307 seconds.
  path: Assets/Tower1.fbx
  artifactKey: Guid(3ea79ef22ef8ae34788b99ef3704a634) Importer(815301076,1909f56bfc062723c751e8b465ee728b)
Start importing Assets/Tower1.fbx using Guid(3ea79ef22ef8ae34788b99ef3704a634) Importer(815301076,1909f56bfc062723c751e8b465ee728b)  -> (artifact id: '1d66a8b4b8b7840b5bcc3efa15e312d3') in 0.419229 seconds 
========================================================================
Received Import Request.
  Time since last request: 0.000046 seconds.
  path: Assets/950e657aa4a16db31a5195b9ef1b915b.jpg
  artifactKey: Guid(1b0fddc839a54404b8c5585743130996) Importer(815301076,1909f56bfc062723c751e8b465ee728b)
Start importing Assets/950e657aa4a16db31a5195b9ef1b915b.jpg using Guid(1b0fddc839a54404b8c5585743130996) Importer(815301076,1909f56bfc062723c751e8b465ee728b)  -> (artifact id: 'c034f8202782e79d8cfcd774ec2d4ca3') in 0.036382 seconds 
========================================================================
Received Import Request.
  Time since last request: 0.000038 seconds.
  path: Assets/7ae2e7d4cc3bda7c6a61ea10144f3240.jpg
  artifactKey: Guid(37ecd662012cf1c46aefcfef72a94cb9) Importer(815301076,1909f56bfc062723c751e8b465ee728b)
Start importing Assets/7ae2e7d4cc3bda7c6a61ea10144f3240.jpg using Guid(37ecd662012cf1c46aefcfef72a94cb9) Importer(815301076,1909f56bfc062723c751e8b465ee728b)  -> (artifact id: 'c9b1b780e9a42b1c3ea18086a83cd88b') in 0.017047 seconds 
========================================================================
Received Import Request.
  Time since last request: 0.000152 seconds.
  path: Assets/Level1.fbx
  artifactKey: Guid(361c04d96ef7ff34ba92d7da90567abe) Importer(815301076,1909f56bfc062723c751e8b465ee728b)
Start importing Assets/Level1.fbx using Guid(361c04d96ef7ff34ba92d7da90567abe) Importer(815301076,1909f56bfc062723c751e8b465ee728b)  -> (artifact id: '2a82e8f0a5188b3cb0a07bf6300ca3bd') in 0.056532 seconds 
========================================================================
Received Import Request.
  Time since last request: 76.169158 seconds.
  path: Assets
  artifactKey: Guid(00000000000000001000000000000000) Importer(815301076,1909f56bfc062723c751e8b465ee728b)
Start importing Assets using Guid(00000000000000001000000000000000) Importer(815301076,1909f56bfc062723c751e8b465ee728b)  -> (artifact id: '79842766b460edbeab6a34051e857a80') in 0.002101 seconds 
========================================================================
Received Import Request.
  Time since last request: 6.824087 seconds.
  path: Assets/Models
  artifactKey: Guid(e1d032bae1b24874ca5d4a0cce5c2d13) Importer(815301076,1909f56bfc062723c751e8b465ee728b)
Start importing Assets/Models using Guid(e1d032bae1b24874ca5d4a0cce5c2d13) Importer(815301076,1909f56bfc062723c751e8b465ee728b)  -> (artifact id: 'dcf621ee16cff6c17714b6e971057407') in 0.001808 seconds 
========================================================================
Received Import Request.
  Time since last request: 57.427400 seconds.
  path: Assets/Materials/ZombieTexture.mat
  artifactKey: Guid(37a1910def18021489f9d0feb683a6a3) Importer(815301076,1909f56bfc062723c751e8b465ee728b)
Start importing Assets/Materials/ZombieTexture.mat using Guid(37a1910def18021489f9d0feb683a6a3) Importer(815301076,1909f56bfc062723c751e8b465ee728b)  -> (artifact id: 'd426ed7abb60d9cd20bbf2f5ed3d09c1') in 0.037895 seconds 
========================================================================
Received Import Request.
  Time since last request: 55.370644 seconds.
  path: Assets/Scenes
  artifactKey: Guid(6ea315d0fd7389c41b19996891e99ae3) Importer(815301076,1909f56bfc062723c751e8b465ee728b)
Start importing Assets/Scenes using Guid(6ea315d0fd7389c41b19996891e99ae3) Importer(815301076,1909f56bfc062723c751e8b465ee728b)  -> (artifact id: 'b8193726cff86800c54781cdc6d54904') in 0.001768 seconds 
========================================================================
Received Import Request.
  Time since last request: 2.069145 seconds.
  path: Assets/Scenes/Menu.unity
  artifactKey: Guid(7178a105265d2e648a3ec5c22ad0d340) Importer(815301076,1909f56bfc062723c751e8b465ee728b)
Start importing Assets/Scenes/Menu.unity using Guid(7178a105265d2e648a3ec5c22ad0d340) Importer(815301076,1909f56bfc062723c751e8b465ee728b)  -> (artifact id: '9c953e768e875d3ac2256a146cce499b') in 0.002697 seconds 
========================================================================
Received Prepare
Registering precompiled user dll's ...
Registered in 0.005806 seconds.
Begin MonoManager ReloadAssembly
Symbol file LoadedFromMemory doesn't match image D:\Programos\Unity\Illusion\Library\PackageCache\com.unity.visualscripting@1.7.6\Editor\VisualScripting.Core\Dependencies\YamlDotNet\Unity.VisualScripting.YamlDotNet.dll
Symbol file LoadedFromMemory doesn't match image D:\Programos\Unity\Illusion\Library\PackageCache\com.unity.visualscripting@1.7.6\Editor\VisualScripting.Core\Dependencies\DotNetZip\Unity.VisualScripting.IonicZip.dll
Native extension for WindowsStandalone target not found
Refreshing native plugins compatible for Editor in 0.74 ms, found 3 plugins.
Preloading 0 native plugins for Editor in 0.00 ms.
Mono: successfully reloaded assembly
- Completed reload, in  1.484 seconds
Domain Reload Profiling:
	ReloadAssembly (1486ms)
		BeginReloadAssembly (170ms)
			ExecutionOrderSort (0ms)
			DisableScriptedObjects (5ms)
			BackupInstance (0ms)
			ReleaseScriptingObjects (0ms)
			CreateAndSetChildDomain (45ms)
		EndReloadAssembly (1199ms)
			LoadAssemblies (99ms)
			RebuildTransferFunctionScriptingTraits (0ms)
			SetupTypeCache (399ms)
			ReleaseScriptCaches (2ms)
			RebuildScriptCaches (80ms)
			SetupLoadedEditorAssemblies (519ms)
				LogAssemblyErrors (0ms)
				InitializePlatformSupportModulesInManaged (19ms)
				SetLoadedEditorAssemblies (1ms)
				RefreshPlugins (1ms)
				BeforeProcessingInitializeOnLoad (93ms)
				ProcessInitializeOnLoadAttributes (361ms)
				ProcessInitializeOnLoadMethodAttributes (39ms)
				AfterProcessingInitializeOnLoad (5ms)
				EditorAssembliesLoaded (0ms)
			ExecutionOrderSort2 (0ms)
			AwakeInstancesAfterBackupRestoration (25ms)
Platform modules already initialized, skipping
Refreshing native plugins compatible for Editor in 0.72 ms, found 3 plugins.
Preloading 0 native plugins for Editor in 0.00 ms.
Unloading 3210 Unused Serialized files (Serialized files now loaded: 0)
Unloading 21 unused Assets / (78.8 KB). Loaded Objects now: 3745.
Memory consumption went from 118.5 MB to 118.4 MB.
Total: 4.494200 ms (FindLiveObjects: 0.358600 ms CreateObjectMapping: 0.386800 ms MarkObjects: 3.645900 ms  DeleteObjects: 0.101700 ms)

AssetImportParameters requested are different than current active one (requested -> active):
  custom:video-decoder-ogg-theora: a1e56fd34408186e4bbccfd4996cb3dc -> 
  custom:container-muxer-webm: aa71ff27fc2769a1b78a27578f13a17b -> 
  custom:container-demuxer-webm: 4f35f7cbe854078d1ac9338744f61a02 -> 
  custom:video-encoder-webm-vp8: eb34c28f22e8b96e1ab97ce403110664 -> 
  custom:audio-encoder-webm-vorbis: bf7c407c2cedff20999df2af8eb42d56 -> 
  custom:framework-win-MediaFoundation: 216162199b28c13a410421893ffa2e32 -> 
  custom:container-demuxer-ogg: 62fdf1f143b41e24485cea50d1cbac27 -> 
  custom:video-decoder-webm-vp8: 9c59270c3fd7afecdb556c50c9e8de78 -> 
  custom:audio-decoder-ogg-vorbis: bf7c407c2cedff20999df2af8eb42d56 -> 
========================================================================
Received Import Request.
  Time since last request: 51.194062 seconds.
  path: Assets/Scenes/SampleScene.unity
  artifactKey: Guid(9fc0d4010bbf28b4594072e72b8655ab) Importer(815301076,1909f56bfc062723c751e8b465ee728b)
Start importing Assets/Scenes/SampleScene.unity using Guid(9fc0d4010bbf28b4594072e72b8655ab) Importer(815301076,1909f56bfc062723c751e8b465ee728b)  -> (artifact id: '296b3710fbb5f8b32076302bddee5006') in 0.024918 seconds 
========================================================================
Received Import Request.
  Time since last request: 5.093235 seconds.
  path: Assets/Materials/7ae2e7d4cc3bda7c6a61ea10144f3240.mat
  artifactKey: Guid(f4faa60bd285d1444883ea48094ec20b) Importer(815301076,1909f56bfc062723c751e8b465ee728b)
Start importing Assets/Materials/7ae2e7d4cc3bda7c6a61ea10144f3240.mat using Guid(f4faa60bd285d1444883ea48094ec20b) Importer(815301076,1909f56bfc062723c751e8b465ee728b)  -> (artifact id: '2eb0b37678f83dda3eb7957c0a4d762b') in 0.072223 seconds 
========================================================================
Received Import Request.
  Time since last request: 45.193058 seconds.
  path: Assets/Materials/7ae2e7d4cc3bda7c6a61ea10144f3240.jpg
  artifactKey: Guid(d65397c11c27bec41a32f78c9e93db4a) Importer(815301076,1909f56bfc062723c751e8b465ee728b)
Start importing Assets/Materials/7ae2e7d4cc3bda7c6a61ea10144f3240.jpg using Guid(d65397c11c27bec41a32f78c9e93db4a) Importer(815301076,1909f56bfc062723c751e8b465ee728b)  -> (artifact id: '651134bf2857ccad9abe184491e9c608') in 0.027845 seconds 
========================================================================
Received Import Request.
  Time since last request: 0.000143 seconds.
  path: Assets/Materials/950e657aa4a16db31a5195b9ef1b915b.jpg
  artifactKey: Guid(be13d46042de4724f9021517eece2e81) Importer(815301076,1909f56bfc062723c751e8b465ee728b)
Start importing Assets/Materials/950e657aa4a16db31a5195b9ef1b915b.jpg using Guid(be13d46042de4724f9021517eece2e81) Importer(815301076,1909f56bfc062723c751e8b465ee728b)  -> (artifact id: '5d82274d91c4d54eec648742744b0371') in 0.012534 seconds 
========================================================================
Received Import Request.
  Time since last request: 0.000036 seconds.
  path: Assets/Materials/peter-burroughs-tilingdirt.jpg
  artifactKey: Guid(1667ed3d53680c441b022741445ac9be) Importer(815301076,1909f56bfc062723c751e8b465ee728b)
Start importing Assets/Materials/peter-burroughs-tilingdirt.jpg using Guid(1667ed3d53680c441b022741445ac9be) Importer(815301076,1909f56bfc062723c751e8b465ee728b)  -> (artifact id: 'e5935b01eeb0de58c7c156d84e6b6179') in 0.016055 seconds 
========================================================================
Received Import Request.
  Time since last request: 23.059470 seconds.
  path: Assets/Materials/Materials/7ae2e7d4cc3bda7c6a61ea10144f3240.mat
  artifactKey: Guid(0918e4323988a114bb2b360219a92b18) Importer(815301076,1909f56bfc062723c751e8b465ee728b)
Start importing Assets/Materials/Materials/7ae2e7d4cc3bda7c6a61ea10144f3240.mat using Guid(0918e4323988a114bb2b360219a92b18) Importer(815301076,1909f56bfc062723c751e8b465ee728b)  -> (artifact id: '907a84700b32d861997dcc239aa019c0') in 0.014791 seconds 
========================================================================
Received Import Request.
  Time since last request: 0.963209 seconds.
  path: Assets/Level1.fbx
  artifactKey: Guid(361c04d96ef7ff34ba92d7da90567abe) Importer(815301076,1909f56bfc062723c751e8b465ee728b)
Start importing Assets/Level1.fbx using Guid(361c04d96ef7ff34ba92d7da90567abe) Importer(815301076,1909f56bfc062723c751e8b465ee728b)  -> (artifact id: 'e83fbed366fd16c38664ce4d2bea3c12') in 0.075952 seconds 
========================================================================
Received Import Request.
  Time since last request: 26.282967 seconds.
  path: Assets/Models/Level1.fbx
  artifactKey: Guid(ad29b4a6f1a3a9f48bbbdb0da58a8417) Importer(815301076,1909f56bfc062723c751e8b465ee728b)
Start importing Assets/Models/Level1.fbx using Guid(ad29b4a6f1a3a9f48bbbdb0da58a8417) Importer(815301076,1909f56bfc062723c751e8b465ee728b)  -> (artifact id: '8a8190e9cbe95f59cd43a498a12f856d') in 0.048965 seconds 
